<?xml version="1.0" encoding="UTF-8"?>
<!-- Generated by org.testng.reporters.JUnitReportReporter -->
<testsuite skipped="0" hostname="DESKTOP-GCGGJE6" name="NYTBooksAssignment.GetBooksList" tests="3" failures="0" timestamp="2020-06-02T08:01:39 EDT" time="7.162" errors="0">
  <testcase name="getBooksList" time="5.176" classname="NYTBooksAssignment.GetBooksList"/>
  <system-out/>
  <testcase name="noOfResultTest" time="1.936" classname="NYTBooksAssignment.GetBooksList"/>
  <system-out/>
  <testcase name="processBooksList" time="0.050" classname="NYTBooksAssignment.GetBooksList"/>
  <system-out/>
</testsuite> <!-- NYTBooksAssignment.GetBooksList -->
