<?xml version="1.0" encoding="UTF-8"?>
<!-- Generated by org.testng.reporters.JUnitReportReporter -->
<testsuite skipped="0" hostname="DESKTOP-GCGGJE6" name="NYTBooksAssignment.GetData" tests="2" failures="0" timestamp="2020-06-02T08:01:39 EDT" time="1.491" errors="0">
  <testcase name="testResponseCode" time="0.612" classname="NYTBooksAssignment.GetData"/>
  <system-out/>
  <testcase name="testBody" time="0.879" classname="NYTBooksAssignment.GetData"/>
  <system-out/>
</testsuite> <!-- NYTBooksAssignment.GetData -->
