<?xml version="1.0" encoding="UTF-8"?>
<!-- Generated by org.testng.reporters.JUnitReportReporter -->
<testsuite skipped="0" hostname="DESKTOP-GCGGJE6" name="NYTBooksAssignment.GetBooksList" tests="3" failures="0" timestamp="2020-06-02T07:54:52 EDT" time="6.940" errors="0">
  <testcase name="noOfResultTest" time="1.706" classname="NYTBooksAssignment.GetBooksList"/>
  <system-out/>
  <testcase name="processBooksList" time="0.029" classname="NYTBooksAssignment.GetBooksList"/>
  <system-out/>
  <testcase name="getBooksList" time="5.205" classname="NYTBooksAssignment.GetBooksList"/>
  <system-out/>
</testsuite> <!-- NYTBooksAssignment.GetBooksList -->
