<?xml version="1.0" encoding="UTF-8"?>
<!-- Generated by org.testng.reporters.JUnitReportReporter -->
<testsuite skipped="0" hostname="DESKTOP-GCGGJE6" name="NYTBooksAssignment.GetBooksList" tests="3" failures="0" timestamp="2020-06-01T19:55:12 EDT" time="4.525" errors="0">
  <testcase name="getBooksList" time="3.360" classname="NYTBooksAssignment.GetBooksList"/>
  <system-out/>
  <testcase name="noOfResultTest" time="1.140" classname="NYTBooksAssignment.GetBooksList"/>
  <system-out/>
  <testcase name="processBooksList" time="0.025" classname="NYTBooksAssignment.GetBooksList"/>
  <system-out/>
</testsuite> <!-- NYTBooksAssignment.GetBooksList -->
